<?xml version="1.0" encoding="UTF-8"?>
<testsuite xmlns:xsi="http://www.w3.org/2001/XMLSchema-instance" xsi:noNamespaceSchemaLocation="https://maven.apache.org/surefire/maven-surefire-plugin/xsd/surefire-test-report-3.0.xsd" version="3.0" name="mymanga.manga.MangaApplicationTests" time="5.62" tests="1" errors="0" skipped="0" failures="0">
  <properties>
[...]
</properties>
  <testcase name="contextLoads" classname="mymanga.manga.MangaApplicationTests" time="1.174">
    <system-out><![CDATA[15:27:42.551 [main] INFO org.springframework.test.context.support.AnnotationConfigContextLoaderUtils -- Could not detect default configuration classes for test class [mymanga.manga.MangaApplicationTests]: MangaApplicationTests does not declare any static, non-private, non-final, nested classes annotated with @Configuration.
15:27:42.706 [main] INFO org.springframework.boot.test.context.SpringBootTestContextBootstrapper -- Found @SpringBootConfiguration mymanga.manga.MangaApplication for test class mymanga.manga.MangaApplicationTests
15:27:42.937 [main] INFO org.springframework.boot.devtools.restart.RestartApplicationListener -- Restart disabled due to context in which it is running

  .   ____          _            __ _ _
 /\\ / ___'_ __ _ _(_)_ __  __ _ \ \ \ \
( ( )\___ | '_ | '_| | '_ \/ _` | \ \ \ \
 \\/  ___)| |_)| | | | | || (_| |  ) ) ) )
  '  |____| .__|_| |_|_| |_\__, | / / / /
 =========|_|==============|___/=/_/_/_/
 :: Spring Boot ::                (v3.2.4)

2024-06-17T15:27:43.305+02:00  INFO 23516 --- [Manga] [           main] mymanga.manga.MangaApplicationTests      : Starting MangaApplicationTests using Java 21.0.2 with PID 23516 (started by Joshua Geven in C:\Users\Joshua Geven\Documents\Fontys\gitKraken\MyManga\MyManga_Backend\Manga)
2024-06-17T15:27:43.307+02:00  INFO 23516 --- [Manga] [           main] mymanga.manga.MangaApplicationTests      : No active profile set, falling back to 1 default profile: "default"
2024-06-17T15:27:44.324+02:00  INFO 23516 --- [Manga] [           main] .s.d.r.c.RepositoryConfigurationDelegate : Bootstrapping Spring Data MongoDB repositories in DEFAULT mode.
2024-06-17T15:27:44.381+02:00  INFO 23516 --- [Manga] [           main] .s.d.r.c.RepositoryConfigurationDelegate : Finished Spring Data repository scanning in 52 ms. Found 1 MongoDB repository interface.
2024-06-17T15:27:45.088+02:00  INFO 23516 --- [Manga] [b49.mongodb.net] org.mongodb.driver.cluster               : Adding discovered server ac-uoknahe-shard-00-02.59c6b49.mongodb.net:27017 to client view of cluster
2024-06-17T15:27:45.105+02:00  INFO 23516 --- [Manga] [           main] org.mongodb.driver.client                : MongoClient with metadata {"application": {"name": "Cluster0"}, "driver": {"name": "mongo-java-driver|sync|spring-boot", "version": "4.11.1"}, "os": {"type": "Windows", "name": "Windows 11", "architecture": "amd64", "version": "10.0"}, "platform": "Java/Oracle Corporation/21.0.2+13-58"} created with settings MongoClientSettings{readPreference=primary, writeConcern=WriteConcern{w=majority, wTimeout=null ms, journal=null}, retryWrites=true, retryReads=true, readConcern=ReadConcern{level=null}, credential=MongoCredential{mechanism=null, userName='admin', source='admin', password=<hidden>, mechanismProperties=<hidden>}, transportSettings=null, streamFactoryFactory=null, commandListeners=[], codecRegistry=ProvidersCodecRegistry{codecProviders=[ValueCodecProvider{}, BsonValueCodecProvider{}, DBRefCodecProvider{}, DBObjectCodecProvider{}, DocumentCodecProvider{}, CollectionCodecProvider{}, IterableCodecProvider{}, MapCodecProvider{}, GeoJsonCodecProvider{}, GridFSFileCodecProvider{}, Jsr310CodecProvider{}, JsonObjectCodecProvider{}, BsonCodecProvider{}, EnumCodecProvider{}, com.mongodb.client.model.mql.ExpressionCodecProvider@78d9f51b, com.mongodb.Jep395RecordCodecProvider@23ed382c, com.mongodb.KotlinCodecProvider@6bedd4e4]}, loggerSettings=LoggerSettings{maxDocumentLength=1000}, clusterSettings={hosts=[127.0.0.1:27017], srvHost=cluster0.59c6b49.mongodb.net, srvServiceName=mongodb, mode=MULTIPLE, requiredClusterType=REPLICA_SET, requiredReplicaSetName='atlas-76ulu5-shard-0', serverSelector='null', clusterListeners='[]', serverSelectionTimeout='30000 ms', localThreshold='15 ms'}, socketSettings=SocketSettings{connectTimeoutMS=10000, readTimeoutMS=0, receiveBufferSize=0, proxySettings=ProxySettings{host=null, port=null, username=null, password=null}}, heartbeatSocketSettings=SocketSettings{connectTimeoutMS=10000, readTimeoutMS=10000, receiveBufferSize=0, proxySettings=ProxySettings{host=null, port=null, username=null, password=null}}, connectionPoolSettings=ConnectionPoolSettings{maxSize=100, minSize=0, maxWaitTimeMS=120000, maxConnectionLifeTimeMS=0, maxConnectionIdleTimeMS=0, maintenanceInitialDelayMS=0, maintenanceFrequencyMS=60000, connectionPoolListeners=[], maxConnecting=2}, serverSettings=ServerSettings{heartbeatFrequencyMS=10000, minHeartbeatFrequencyMS=500, serverListeners='[]', serverMonitorListeners='[]'}, sslSettings=SslSettings{enabled=true, invalidHostNameAllowed=false, context=null}, applicationName='Cluster0', compressorList=[], uuidRepresentation=JAVA_LEGACY, serverApi=null, autoEncryptionSettings=null, dnsClient=null, inetAddressResolver=null, contextProvider=null}
2024-06-17T15:27:45.141+02:00  INFO 23516 --- [Manga] [b49.mongodb.net] org.mongodb.driver.cluster               : Adding discovered server ac-uoknahe-shard-00-01.59c6b49.mongodb.net:27017 to client view of cluster
2024-06-17T15:27:45.145+02:00  INFO 23516 --- [Manga] [b49.mongodb.net] org.mongodb.driver.cluster               : Adding discovered server ac-uoknahe-shard-00-00.59c6b49.mongodb.net:27017 to client view of cluster
2024-06-17T15:27:45.998+02:00  INFO 23516 --- [Manga] [ngodb.net:27017] org.mongodb.driver.cluster               : Monitor thread successfully connected to server with description ServerDescription{address=ac-uoknahe-shard-00-01.59c6b49.mongodb.net:27017, type=REPLICA_SET_PRIMARY, state=CONNECTED, ok=true, minWireVersion=0, maxWireVersion=21, maxDocumentSize=16777216, logicalSessionTimeoutMinutes=30, roundTripTimeNanos=448077300, setName='atlas-76ulu5-shard-0', canonicalAddress=ac-uoknahe-shard-00-01.59c6b49.mongodb.net:27017, hosts=[ac-uoknahe-shard-00-01.59c6b49.mongodb.net:27017, ac-uoknahe-shard-00-02.59c6b49.mongodb.net:27017, ac-uoknahe-shard-00-00.59c6b49.mongodb.net:27017], passives=[], arbiters=[], primary='ac-uoknahe-shard-00-01.59c6b49.mongodb.net:27017', tagSet=TagSet{[Tag{name='diskState', value='READY'}, Tag{name='nodeType', value='ELECTABLE'}, Tag{name='provider', value='AZURE'}, Tag{name='region', value='EUROPE_WEST'}, Tag{name='workloadType', value='OPERATIONAL'}]}, electionId=7fffffff00000000000001b8, setVersion=60, topologyVersion=TopologyVersion{processId=666dfbbd79b4b17ea16395fc, counter=6}, lastWriteDate=Mon Jun 17 15:27:47 CEST 2024, lastUpdateTimeNanos=3327924616600}
2024-06-17T15:27:45.998+02:00  INFO 23516 --- [Manga] [ngodb.net:27017] org.mongodb.driver.cluster               : Monitor thread successfully connected to server with description ServerDescription{address=ac-uoknahe-shard-00-00.59c6b49.mongodb.net:27017, type=REPLICA_SET_SECONDARY, state=CONNECTED, ok=true, minWireVersion=0, maxWireVersion=21, maxDocumentSize=16777216, logicalSessionTimeoutMinutes=30, roundTripTimeNanos=443892100, setName='atlas-76ulu5-shard-0', canonicalAddress=ac-uoknahe-shard-00-00.59c6b49.mongodb.net:27017, hosts=[ac-uoknahe-shard-00-01.59c6b49.mongodb.net:27017, ac-uoknahe-shard-00-02.59c6b49.mongodb.net:27017, ac-uoknahe-shard-00-00.59c6b49.mongodb.net:27017], passives=[], arbiters=[], primary='ac-uoknahe-shard-00-01.59c6b49.mongodb.net:27017', tagSet=TagSet{[Tag{name='diskState', value='READY'}, Tag{name='nodeType', value='ELECTABLE'}, Tag{name='provider', value='AZURE'}, Tag{name='region', value='EUROPE_WEST'}, Tag{name='workloadType', value='OPERATIONAL'}]}, electionId=null, setVersion=60, topologyVersion=TopologyVersion{processId=666dfcec5c7d2e31d4a2a9bf, counter=4}, lastWriteDate=Mon Jun 17 15:27:47 CEST 2024, lastUpdateTimeNanos=3327924600600}
2024-06-17T15:27:45.999+02:00  INFO 23516 --- [Manga] [ngodb.net:27017] org.mongodb.driver.cluster               : Monitor thread successfully connected to server with description ServerDescription{address=ac-uoknahe-shard-00-02.59c6b49.mongodb.net:27017, type=REPLICA_SET_SECONDARY, state=CONNECTED, ok=true, minWireVersion=0, maxWireVersion=21, maxDocumentSize=16777216, logicalSessionTimeoutMinutes=30, roundTripTimeNanos=448109700, setName='atlas-76ulu5-shard-0', canonicalAddress=ac-uoknahe-shard-00-02.59c6b49.mongodb.net:27017, hosts=[ac-uoknahe-shard-00-01.59c6b49.mongodb.net:27017, ac-uoknahe-shard-00-02.59c6b49.mongodb.net:27017, ac-uoknahe-shard-00-00.59c6b49.mongodb.net:27017], passives=[], arbiters=[], primary='ac-uoknahe-shard-00-01.59c6b49.mongodb.net:27017', tagSet=TagSet{[Tag{name='diskState', value='READY'}, Tag{name='nodeType', value='ELECTABLE'}, Tag{name='provider', value='AZURE'}, Tag{name='region', value='EUROPE_WEST'}, Tag{name='workloadType', value='OPERATIONAL'}]}, electionId=null, setVersion=60, topologyVersion=TopologyVersion{processId=666dfe5d7750de58f2aa06b9, counter=3}, lastWriteDate=Mon Jun 17 15:27:47 GMT+02:00 2024, lastUpdateTimeNanos=3327924648800}
2024-06-17T15:27:46.004+02:00  INFO 23516 --- [Manga] [ngodb.net:27017] org.mongodb.driver.cluster               : Discovered replica set primary ac-uoknahe-shard-00-01.59c6b49.mongodb.net:27017 with max election id 7fffffff00000000000001b8 and max set version 60
2024-06-17T15:27:46.707+02:00  INFO 23516 --- [Manga] [           main] mymanga.manga.MangaApplicationTests      : Started MangaApplicationTests in 3.794 seconds (process running for 5.363)
]]></system-out>
    <system-err><![CDATA[WARNING: A Java agent has been loaded dynamically (C:\Users\Joshua Geven\.m2\repository\net\bytebuddy\byte-buddy-agent\1.14.12\byte-buddy-agent-1.14.12.jar)
WARNING: If a serviceability tool is in use, please run with -XX:+EnableDynamicAgentLoading to hide this warning
WARNING: If a serviceability tool is not in use, please run with -Djdk.instrument.traceUsage for more information
WARNING: Dynamic loading of agents will be disallowed by default in a future release
]]></system-err>
  </testcase>
</testsuite>